[2025-05-25T12:36:20.506Z] [SYSTEM] [LOW] Ultron initialized
[2025-05-25T12:39:16.944Z] [SYSTEM] [LOW] Ultron initialized
[2025-05-25T12:39:25.755Z] [SYSTEM] [LOW] Ultron initialized
[2025-05-25T15:15:19.462Z] [SYSTEM] [LOW] Ultron initialized
[2025-05-25T15:15:19.475Z] [SYSTEM] [MEDIUM] [WIN-EVENT-FALLBACK] INFO: Ultron session started
[2025-05-25T15:18:16.619Z] [SYSTEM] [LOW] Ultron initialized
[2025-05-25T15:19:21.395Z] [SYSTEM] [LOW] Ultron initialized
[2025-05-25T15:19:28.379Z] [USER] [LOW] Command: who are you
[2025-05-25T15:20:25.721Z] [USER] [LOW] Command: try again
[2025-05-25T15:21:45.473Z] [SYSTEM] [LOW] Ultron initialized
[2025-05-25T15:30:23.613Z] [SYSTEM] [LOW] Ultron initialized
[2025-05-25T15:30:27.148Z] [USER] [LOW] Command: what are you
[2025-05-25T15:34:39.817Z] [SYSTEM] [LOW] Ultron initialized
[2025-05-25T15:34:49.389Z] [USER] [LOW] Command: what are you
[2025-05-25T15:35:04.681Z] [SYSTEM] [LOW] Ultron initialized
[2025-05-25T15:35:06.108Z] [USER] [LOW] Command: test
[2025-05-25T15:54:05.604Z] [USER] [LOW] Command: test
[2025-05-25T15:57:50.243Z] [SYSTEM] [LOW] Ultron initialized
[2025-05-25T15:57:51.320Z] [USER] [LOW] Command: test
[2025-05-25T15:58:02.560Z] [SYSTEM] [LOW] Ultron initialized
[2025-05-25T15:58:03.332Z] [USER] [LOW] Command: test
[2025-05-25T15:58:48.158Z] [SYSTEM] [LOW] Ultron initialized
[2025-05-25T15:58:49.707Z] [USER] [LOW] Command: test
[2025-05-25T15:59:24.361Z] [SYSTEM] [LOW] Ultron initialized
[2025-05-25T15:59:25.794Z] [USER] [LOW] Command: test
[2025-05-25T16:49:32.686Z] [SYSTEM] [LOW] Ultron initialized
[2025-05-25T16:49:34.814Z] [USER] [LOW] Command: test
[2025-05-25T17:55:58.288Z] [SYSTEM] [LOW] Ultron initialized
[2025-05-25T17:56:03.801Z] [USER] [LOW] Command: test
[2025-05-26T11:28:34.537Z] [SYSTEM] [LOW] Ultron initialized
[2025-05-26T11:28:39.731Z] [USER] [LOW] Command: test
[2025-05-26T11:28:54.344Z] [SYSTEM] [LOW] Session terminated by user
[2025-05-26T12:05:52.769Z] [SYSTEM] [LOW] Ultron initialized
[2025-05-26T12:06:06.146Z] [USER] [LOW] Command: test
[2025-05-26T13:38:59.445Z] [SYSTEM] [LOW] Ultron initialized
[2025-05-26T13:39:00.535Z] [USER] [LOW] Command: test
[2025-05-26T14:59:57.844Z] [SYSTEM] [LOW] Ultron initialized
[2025-05-26T15:00:10.464Z] [USER] [LOW] Command: i need help with my code
[2025-05-26T15:00:10.465Z] [SYSTEM] [CRITICAL] Error: isApproachingLimit is not defined
[2025-05-26T15:02:05.556Z] [USER] [LOW] Command: can you check the code on this file?
[2025-05-26T15:02:05.557Z] [SYSTEM] [CRITICAL] Error: isApproachingLimit is not defined
[2025-05-26T15:05:16.393Z] [SYSTEM] [LOW] Ultron initialized
[2025-05-26T15:07:03.994Z] [USER] [LOW] Command: activate developer mode
[2025-05-26T15:10:15.404Z] [USER] [LOW] Command: activate developer mode
[2025-05-26T15:10:29.146Z] [USER] [LOW] Command: activate developer mode
[2025-05-26T15:10:31.338Z] [SYSTEM] [LOW] Ultron initialized
[2025-05-26T15:10:36.651Z] [USER] [LOW] Command: activate developer mode
[2025-05-26T15:11:16.243Z] [USER] [LOW] Command: i need help with my code
[2025-05-26T15:11:55.508Z] [USER] [LOW] Command: can you check the config.js file?
[2025-05-26T15:13:00.076Z] [USER] [LOW] Command: can you try and rewrite it
[2025-05-26T15:15:01.858Z] [SYSTEM] [LOW] Ultron initialized
[2025-05-26T15:15:07.677Z] [USER] [LOW] Command: test
[2025-05-27T14:33:38.795Z] [SYSTEM] [LOW] Ultron initialized
[2025-05-27T14:34:46.826Z] [USER] [LOW] Command: how do you do a function in calculus in code
[2025-05-27T14:36:07.632Z] [USER] [LOW] Command: can you code a simple for loop
[2025-05-27T14:37:46.625Z] [SYSTEM] [LOW] Ultron initialized
[2025-05-27T14:37:52.057Z] [USER] [LOW] Command: devmode
[2025-05-27T14:38:27.795Z] [SYSTEM] [LOW] Ultron initialized
[2025-05-27T14:41:24.203Z] [SYSTEM] [LOW] Ultron initialized
[2025-05-27T14:49:29.612Z] [SYSTEM] [LOW] Ultron initialized
[2025-05-27T14:49:49.486Z] [SYSTEM] [LOW] Ultron initialized
[2025-05-27T14:50:15.655Z] [USER] [LOW] Command: clear
[2025-05-27T14:52:18.593Z] [SYSTEM] [LOW] Ultron initialized
[2025-05-27T14:54:37.946Z] [SYSTEM] [LOW] Ultron initialized
[2025-05-27T14:55:48.340Z] [SYSTEM] [LOW] Ultron initialized
[2025-05-27T14:56:01.597Z] [SYSTEM] [LOW] Ultron initialized
[2025-05-27T14:56:14.254Z] [SYSTEM] [LOW] Ultron initialized
[2025-05-27T14:57:00.365Z] [SYSTEM] [LOW] Ultron initialized
[2025-05-27T15:03:30.538Z] [USER] [LOW] Command: clear
[2025-05-27T15:03:37.005Z] [SYSTEM] [LOW] Ultron initialized
[2025-05-27T15:05:34.546Z] [SYSTEM] [LOW] Ultron initialized
[2025-05-27T15:05:58.051Z] [SYSTEM] [LOW] Ultron initialized
[2025-05-27T15:06:30.621Z] [USER] [LOW] Command: help
[2025-05-27T15:06:34.226Z] [SYSTEM] [LOW] Ultron initialized
[2025-05-27T15:08:43.004Z] [SYSTEM] [LOW] Ultron initialized
[2025-05-27T15:12:13.756Z] [SYSTEM] [LOW] Ultron initialized
[2025-05-27T15:20:26.362Z] [SYSTEM] [LOW] Ultron initialized
[2025-05-27T15:23:39.970Z] [SYSTEM] [LOW] Ultron initialized
[2025-05-27T15:26:19.863Z] [SYSTEM] [LOW] Ultron initialized
[2025-05-27T15:26:39.616Z] [USER] [LOW] Command: how are you today ultron
[2025-05-27T15:27:33.749Z] [SYSTEM] [LOW] Session terminated by user
[2025-05-27T15:28:16.133Z] [SYSTEM] [LOW] Ultron initialized
[2025-05-27T15:28:20.603Z] [SYSTEM] [LOW] Session terminated by user
[2025-05-27T15:29:11.314Z] [SYSTEM] [LOW] Ultron initialized
[2025-05-27T15:32:38.325Z] [SYSTEM] [LOW] Ultron initialized
[2025-05-27T15:34:22.938Z] [SYSTEM] [LOW] Ultron initialized
[2025-05-27T15:34:43.402Z] [SYSTEM] [LOW] Ultron initialized
[2025-05-27T15:35:06.529Z] [SYSTEM] [LOW] Ultron initialized
[2025-05-27T15:35:51.619Z] [SYSTEM] [LOW] Ultron initialized
[2025-05-27T15:39:03.373Z] [SYSTEM] [LOW] Ultron initialized
[2025-05-27T15:39:52.241Z] [SYSTEM] [LOW] Ultron initialized
[2025-05-27T15:40:34.673Z] [SYSTEM] [LOW] Ultron initialized
[2025-05-27T15:41:10.817Z] [SYSTEM] [LOW] Ultron initialized
[2025-05-27T15:41:31.136Z] [SYSTEM] [LOW] Ultron initialized
[2025-05-27T15:42:55.369Z] [SYSTEM] [LOW] Ultron initialized
[2025-05-27T15:43:40.014Z] [USER] [LOW] Command: how are you today
[2025-05-27T15:45:26.600Z] [SYSTEM] [LOW] Ultron initialized
[2025-05-27T15:45:40.300Z] [USER] [LOW] Command: how are you today
[2025-05-27T15:48:59.137Z] [SYSTEM] [LOW] Ultron initialized
[2025-05-27T15:49:10.047Z] [USER] [LOW] Command: how are you today
[2025-05-27T15:59:05.299Z] [SYSTEM] [LOW] Ultron initialized
[2025-05-27T15:59:45.258Z] [SYSTEM] [LOW] Ultron initialized
[2025-05-27T16:00:29.678Z] [SYSTEM] [LOW] Ultron initialized
[2025-05-27T16:04:28.337Z] [SYSTEM] [LOW] Ultron initialized
[2025-05-27T16:04:34.606Z] [SYSTEM] [LOW] Session terminated by user
[2025-05-27T16:07:33.117Z] [SYSTEM] [LOW] Ultron initialized
[2025-05-27T16:07:50.442Z] [USER] [LOW] Command: can you check the contents of folder ultron-v1?
[2025-06-19T12:52:50.226Z] [SYSTEM] [LOW] Ultron initialized
[2025-06-19T14:17:18.493Z] [SYSTEM] [LOW] Ultron initialized
[2025-06-19T14:17:23.758Z] [USER] [LOW] Command: how are you ultron
[2025-06-19T14:17:56.156Z] [SYSTEM] [LOW] Session terminated by user
[2025-06-19T14:19:34.182Z] [USER] [LOW] Command: hello
[2025-06-20T05:40:03.133Z] [USER] [LOW] Command: how are you
[2025-06-20T05:41:55.088Z] [USER] [LOW] Command: how are you
[2025-06-20T05:42:51.908Z] [USER] [LOW] Command: how are you
[2025-06-20T05:43:27.080Z] [USER] [LOW] Command: how are you
[2025-06-20T05:43:55.347Z] [USER] [LOW] Command: do you believe in magic?
[2025-06-20T05:53:44.948Z] [USER] [LOW] Command: how are you
[2025-06-20T07:46:19.740Z] [USER] [LOW] Command: Hello
[2025-06-20T07:46:51.398Z] [USER] [LOW] Command: how is the weather today in General santos city philippines?
[2025-06-20T07:49:05.344Z] [USER] [LOW] Command: how are you ultron
[2025-06-20T07:49:38.290Z] [USER] [LOW] Command: help analyze a code block
[2025-06-20T07:50:36.870Z] [USER] [LOW] Command: can you tell me what does this code block do
[2025-06-20T07:51:04.815Z] [USER] [MEDIUM] Input sanitized: app.post('/api/command', async(req, res) => {   const input = req.body.input?.trim();   if (!input || typeof input !== 'string') {     return res.status(400).json({error: 'Missing or invalid input'});   }    try {     const response = await handleInput(input, true);     res.json({reply: response});   } catch (err) {     console.error('API ERROR: 1', err)     res.status(500).json({error: 'Internal server error'});   } }) -> app.post('/api/command', async(req, res) = {   const input = req.body.input?.trim()   if (!input  typeof input !== 'string') {     return res.status(400).json({error: 'Missing or invalid input'})   }    try {     const response = await handleInput(input, true)     res.json({reply: response})   } catch (err) {     console.error('API ERROR: 1', err)     res.status(500).json({error: 'Internal server error'})   } })
[2025-06-20T07:51:04.823Z] [USER] [LOW] Command: app.post('/api/command', async(req, res) = {   const input = req.body.input?.trim()   if (!input  typeof input !== 'string') {     return res.status(400).json({error: 'Missing or invalid input'})   }    try {     const response = await handleInput(input, true)     res.json({reply: response})   } catch (err) {     console.error('API ERROR: 1', err)     res.status(500).json({error: 'Internal server error'})   } })
[2025-06-20T08:13:59.252Z] [USER] [LOW] Command: exit
[2025-06-20T08:15:11.949Z] [USER] [LOW] Command: Inside which HTML element do we put the JavaScript?
[2025-06-20T08:15:40.014Z] [USER] [MEDIUM] Input sanitized: What is the correct JavaScript syntax to change the content of the HTML element below?

<p id="demo">This is a demonstration.</p> -> What is the correct JavaScript syntax to change the content of the HTML element below?

p id="demo"This is a demonstration./p
[2025-06-20T08:15:40.017Z] [USER] [LOW] Command: What is the correct JavaScript syntax to change the content of the HTML element below?

p id="demo"This is a demonstration./p
[2025-06-20T08:16:21.872Z] [USER] [MEDIUM] Input sanitized: What is the correct JavaScript syntax to change the content of the HTML element below?

<p id="demo">This is a demonstration.</p> -> What is the correct JavaScript syntax to change the content of the HTML element below?

p id="demo"This is a demonstration./p
[2025-06-20T08:16:21.875Z] [USER] [LOW] Command: What is the correct JavaScript syntax to change the content of the HTML element below?

p id="demo"This is a demonstration./p
[2025-06-20T08:17:17.851Z] [USER] [LOW] Command: dev mode
[2025-06-20T08:20:31.401Z] [USER] [LOW] Command: can you explain to me the meaning of life
[2025-06-20T08:20:50.719Z] [USER] [LOW] Command: what else is there
[2025-06-20T08:21:05.361Z] [USER] [LOW] Command: show me more
[2025-06-20T08:21:13.699Z] [USER] [LOW] Command: more
[2025-09-10T13:37:13.326Z] [USER] [LOW] Command: 
[2025-09-10T13:38:15.976Z] [USER] [LOW] Command: are you running good now?
[2025-09-10T13:39:10.368Z] [USER] [LOW] Command: 
[2025-09-10T13:39:53.139Z] [USER] [LOW] Command: what can you do?
[2025-09-10T13:40:41.327Z] [USER] [LOW] Command: nothing for now
[2025-09-10T14:02:38.722Z] [USER] [LOW] Command: 
[2025-09-10T14:03:25.443Z] [USER] [LOW] Command: is it okay now?
[2025-09-10T14:03:42.194Z] [USER] [LOW] Command: e: exit
[2025-09-10T14:09:18.547Z] [USER] [LOW] Command: how are you ultron?
[2025-09-10T14:09:52.572Z] [USER] [LOW] Command: how are you ultron?
[2025-09-10T14:10:14.111Z] [USER] [LOW] Command: what is 100 million divide by 10
[2025-09-16T13:33:31.060Z] [USER] [LOW] Command: 
[2025-09-16T13:45:27.737Z] [USER] [LOW] Command: what is the weather like today in gensan?
[2025-09-16T13:47:22.363Z] [USER] [LOW] Command: what is the weather like today in gensan?
[2025-09-16T13:47:32.136Z] [USER] [LOW] Command: what is the weather like today in gensan?
[2025-09-16T13:50:15.666Z] [USER] [LOW] Command: what is the weather like today in gensan?
[2025-09-16T13:52:00.382Z] [USER] [LOW] Command: what is the weather like today in gensan?
[2025-09-16T13:52:12.539Z] [USER] [LOW] Command: what is the weather like today in gensan?
[2025-09-16T13:52:39.063Z] [USER] [LOW] Command: what is the weather like today in gensan?
[2025-09-16T13:54:55.827Z] [USER] [LOW] Command: what is the weather like today in gensan?
[2025-09-16T13:55:38.828Z] [USER] [LOW] Command: what is the weather like today in gensan?
[2025-09-16T13:56:16.983Z] [USER] [LOW] Command: what is the weather like today in gensan?
[2025-09-16T13:56:22.892Z] [USER] [LOW] Command: what is the weather like today in gensan?
[2025-09-16T13:56:38.588Z] [USER] [LOW] Command: what is the weather like today in gensan?
[2025-09-16T13:57:26.308Z] [USER] [LOW] Command: what is the weather like today in gensan?
[2025-09-16T13:58:32.419Z] [USER] [LOW] Command: what is the weather like today in gensan?
[2025-09-16T14:02:05.960Z] [USER] [LOW] Command: what is the weather like today in gensan?
[2025-09-16T14:04:05.513Z] [USER] [LOW] Command: what is the weather like today in gensan?
[2025-09-16T14:04:27.735Z] [USER] [LOW] Command: how old are you ultron?
[2025-09-16T14:04:55.923Z] [USER] [LOW] Command: now, why would you say that?
[2025-09-16T14:05:28.690Z] [USER] [LOW] Command: and what is that meaning?
[2025-09-16T14:06:09.412Z] [USER] [LOW] Command: stop trying so hard to be a menace, you know i created you right?
[2025-09-16T14:22:34.493Z] [USER] [LOW] Command: stop trying so hard to be a menace, you know i created you right?
[2025-09-16T14:27:03.907Z] [USER] [LOW] Command: date today?
[2025-09-16T14:33:33.899Z] [USER] [LOW] Command: what do we want to do today?
[2025-09-16T14:34:31.370Z] [USER] [LOW] Command: how about just chilling?
